<?xml version="1.0" encoding="UTF-8"?>
<robot generator="Robot 7.3.2 (Python 3.11.6 on darwin)" generated="2025-07-22T22:31:23.329947" rpa="false" schemaversion="5">
<suite id="s1" name="Login Test" source="/Users/mekari/workspace/sawitpro-test/login_test.robot">
<kw name="Start App Session" type="SETUP">
<kw name="Open Application" owner="AppiumLibrary">
<arg>${REMOTE_URL}</arg>
<arg>platformName=${PLATFORM_NAME}</arg>
<arg>appium:deviceName=${DEVICE_NAME}</arg>
<arg>appium:automationName=${AUTOMATION_NAME}</arg>
<arg>appium:app=${APP}</arg>
<arg>appium:platformVersion=${PLATFORM_VERSION}</arg>
<arg>appium:appWaitActivity=*</arg>
<arg>appium:appWaitDuration=30000</arg>
<doc>Opens a new application to given Appium server.
Capabilities of appium server, Android and iOS,
Please check https://appium.io/docs/en/2.1/cli/args/
| *Option*            | *Man.* | *Description*     |
| remote_url          | Yes    | Appium server url |
| alias               | no     | alias             |
| strict_ssl          | No     | allows you to send commands to an invalid certificate host like a self-signed one. |</doc>
<status status="PASS" start="2025-07-22T22:31:23.401639" elapsed="2.581202"/>
</kw>
<status status="PASS" start="2025-07-22T22:31:23.401361" elapsed="2.581634"/>
</kw>
<test id="s1-t1" name="Login With Valid Username" line="18">
<kw name="Reset App" type="SETUP">
<kw name="Terminate Application" owner="AppiumLibrary">
<arg>${APP_PACKAGE}</arg>
<doc>Terminate the given app on the device</doc>
<status status="PASS" start="2025-07-22T22:31:25.984148" elapsed="0.193026"/>
</kw>
<kw name="Sleep" owner="BuiltIn">
<msg time="2025-07-22T22:31:27.178623" level="INFO">Slept 1 second.</msg>
<arg>1s</arg>
<doc>Pauses the test executed for the given time.</doc>
<status status="PASS" start="2025-07-22T22:31:26.177299" elapsed="1.002732"/>
</kw>
<kw name="Activate Application" owner="AppiumLibrary">
<arg>${APP_PACKAGE}</arg>
<doc>Activates the application if it is not running or is running in the background.
Args:
 - app_id - BundleId for iOS. Package name for Android.</doc>
<status status="PASS" start="2025-07-22T22:31:27.186619" elapsed="0.115362"/>
</kw>
<kw name="Wait Until Element Is Visible" owner="AppiumLibrary">
<arg>accessibility_id=test-Username</arg>
<arg>10s</arg>
<doc>Waits until element specified with `locator` is visible.</doc>
<status status="PASS" start="2025-07-22T22:31:27.302175" elapsed="1.077642"/>
</kw>
<status status="PASS" start="2025-07-22T22:31:25.983599" elapsed="2.396311"/>
</kw>
<kw name="Input Text" owner="AppiumLibrary">
<msg time="2025-07-22T22:31:28.380725" level="INFO">Typing text 'standard_user' into text field 'accessibility_id=test-Username'</msg>
<arg>accessibility_id=test-Username</arg>
<arg>standard_user</arg>
<doc>Types the given `text` into text field identified by `locator`.</doc>
<status status="PASS" start="2025-07-22T22:31:28.380075" elapsed="0.547254"/>
</kw>
<kw name="Input Text" owner="AppiumLibrary">
<msg time="2025-07-22T22:31:28.929473" level="INFO">Typing text 'secret_sauce' into text field 'accessibility_id=test-Password'</msg>
<arg>accessibility_id=test-Password</arg>
<arg>secret_sauce</arg>
<doc>Types the given `text` into text field identified by `locator`.</doc>
<status status="PASS" start="2025-07-22T22:31:28.928005" elapsed="1.216410"/>
</kw>
<kw name="Click Element" owner="AppiumLibrary">
<msg time="2025-07-22T22:31:30.146493" level="INFO">Clicking element 'accessibility_id=test-LOGIN'.</msg>
<arg>accessibility_id=test-LOGIN</arg>
<doc>Click element identified by `locator`.</doc>
<status status="PASS" start="2025-07-22T22:31:30.144851" elapsed="0.589393"/>
</kw>
<kw name="Element Should Be Visible" owner="AppiumLibrary">
<msg time="2025-07-22T22:31:31.744294" level="INFO">xpath criteria: //android.widget.TextView[@text='PRODUCTS']</msg>
<arg>xpath=//android.widget.TextView[@text='PRODUCTS']</arg>
<doc>Verifies that element identified with locator is visible.</doc>
<status status="PASS" start="2025-07-22T22:31:30.734987" elapsed="1.009442"/>
</kw>
<status status="PASS" start="2025-07-22T22:31:25.983134" elapsed="5.761628"/>
</test>
<test id="s1-t2" name="Login With Invalid Password" line="24">
<kw name="Reset App" type="SETUP">
<kw name="Terminate Application" owner="AppiumLibrary">
<arg>${APP_PACKAGE}</arg>
<doc>Terminate the given app on the device</doc>
<status status="PASS" start="2025-07-22T22:31:31.745983" elapsed="0.174989"/>
</kw>
<kw name="Sleep" owner="BuiltIn">
<msg time="2025-07-22T22:31:32.922030" level="INFO">Slept 1 second.</msg>
<arg>1s</arg>
<doc>Pauses the test executed for the given time.</doc>
<status status="PASS" start="2025-07-22T22:31:31.921106" elapsed="1.001359"/>
</kw>
<kw name="Activate Application" owner="AppiumLibrary">
<arg>${APP_PACKAGE}</arg>
<doc>Activates the application if it is not running or is running in the background.
Args:
 - app_id - BundleId for iOS. Package name for Android.</doc>
<status status="PASS" start="2025-07-22T22:31:32.923079" elapsed="0.121320"/>
</kw>
<kw name="Wait Until Element Is Visible" owner="AppiumLibrary">
<arg>accessibility_id=test-Username</arg>
<arg>10s</arg>
<doc>Waits until element specified with `locator` is visible.</doc>
<status status="PASS" start="2025-07-22T22:31:33.044535" elapsed="1.046624"/>
</kw>
<status status="PASS" start="2025-07-22T22:31:31.745637" elapsed="2.345658"/>
</kw>
<kw name="Input Text" owner="AppiumLibrary">
<msg time="2025-07-22T22:31:34.092722" level="INFO">Typing text 'standard_user' into text field 'accessibility_id=test-Username'</msg>
<arg>accessibility_id=test-Username</arg>
<arg>standard_user</arg>
<doc>Types the given `text` into text field identified by `locator`.</doc>
<status status="PASS" start="2025-07-22T22:31:34.091535" elapsed="0.544898"/>
</kw>
<kw name="Input Text" owner="AppiumLibrary">
<msg time="2025-07-22T22:31:34.638653" level="INFO">Typing text 'wrong_password' into text field 'accessibility_id=test-Password'</msg>
<arg>accessibility_id=test-Password</arg>
<arg>wrong_password</arg>
<doc>Types the given `text` into text field identified by `locator`.</doc>
<status status="PASS" start="2025-07-22T22:31:34.636848" elapsed="1.219324"/>
</kw>
<kw name="Click Element" owner="AppiumLibrary">
<msg time="2025-07-22T22:31:35.858988" level="INFO">Clicking element 'accessibility_id=test-LOGIN'.</msg>
<arg>accessibility_id=test-LOGIN</arg>
<doc>Click element identified by `locator`.</doc>
<status status="PASS" start="2025-07-22T22:31:35.856598" elapsed="0.579370"/>
</kw>
<kw name="Wait Until Element Is Visible" owner="AppiumLibrary">
<msg time="2025-07-22T22:31:37.110116" level="INFO">xpath criteria: //android.widget.TextView[@text="Username and password do not match any user in this service."]
xpath criteria: //android.widget.TextView[@text="Username and password do not match any user in this service."]</msg>
<arg>xpath=//android.widget.TextView[@text="Username and password do not match any user in this service."]</arg>
<arg>10s</arg>
<doc>Waits until element specified with `locator` is visible.</doc>
<status status="PASS" start="2025-07-22T22:31:36.436269" elapsed="0.673903"/>
</kw>
<kw name="Get Text" owner="AppiumLibrary">
<msg time="2025-07-22T22:31:37.148985" level="INFO">Element 'xpath=//android.widget.TextView[@text="Username and password do not match any user in this service."]' text is 'Username and password do not match any user in this service.' </msg>
<msg time="2025-07-22T22:31:37.149037" level="INFO">xpath criteria: //android.widget.TextView[@text="Username and password do not match any user in this service."]</msg>
<msg time="2025-07-22T22:31:37.149101" level="INFO">${error} = Username and password do not match any user in this service.</msg>
<var>${error}</var>
<arg>xpath=//android.widget.TextView[@text="Username and password do not match any user in this service."]</arg>
<doc>Get element text (for hybrid and mobile browser use `xpath` locator, others might cause problem)</doc>
<status status="PASS" start="2025-07-22T22:31:37.110295" elapsed="0.038817"/>
</kw>
<kw name="Should Be Equal" owner="BuiltIn">
<arg>${error}</arg>
<arg>Username and password do not match any user in this service.</arg>
<doc>Fails if the given objects are unequal.</doc>
<status status="PASS" start="2025-07-22T22:31:37.149231" elapsed="0.000112"/>
</kw>
<status status="PASS" start="2025-07-22T22:31:31.745079" elapsed="5.404395"/>
</test>
<kw name="Close Application" owner="AppiumLibrary" type="TEARDOWN">
<doc>Closes the current application and also close webdriver session.</doc>
<status status="PASS" start="2025-07-22T22:31:37.149735" elapsed="0.543249"/>
</kw>
<status status="PASS" start="2025-07-22T22:31:23.331852" elapsed="14.361183"/>
</suite>
<statistics>
<total>
<stat pass="2" fail="0" skip="0">All Tests</stat>
</total>
<tag>
</tag>
<suite>
<stat name="Login Test" id="s1" pass="2" fail="0" skip="0">Login Test</stat>
</suite>
</statistics>
<errors>
</errors>
</robot>
